<?xml version="1.0" encoding="UTF-8"?>
<testsuite name="edu.cmu.cs.cs214.hw2.operator.DivisionTest" tests="2" skipped="0" failures="0" errors="0" timestamp="2017-02-01T03:24:31" hostname="tekiMacBook-Pro.local" time="0.001">
  <properties/>
  <testcase name="testApply" classname="edu.cmu.cs.cs214.hw2.operator.DivisionTest" time="0.001"/>
  <testcase name="testToString" classname="edu.cmu.cs.cs214.hw2.operator.DivisionTest" time="0.0"/>
  <system-out><![CDATA[]]></system-out>
  <system-err><![CDATA[]]></system-err>
</testsuite>
