<?xml version="1.0" encoding="UTF-8"?>
<testsuite name="edu.cmu.cs.cs214.hw2.zerofinder.ZeroFinderTest" tests="1" skipped="0" failures="0" errors="0" timestamp="2017-02-01T03:24:31" hostname="tekiMacBook-Pro.local" time="0.0">
  <properties/>
  <testcase name="testZero" classname="edu.cmu.cs.cs214.hw2.zerofinder.ZeroFinderTest" time="0.0"/>
  <system-out><![CDATA[]]></system-out>
  <system-err><![CDATA[]]></system-err>
</testsuite>
